{
  "RSpec": {
    "coverage": {
      "/home/james/workspace/shipping-management/app/models/user.rb": {
        "lines": [
          null,
          null,
          1,
          null,
          null,
          1,
          null,
          1,
          1,
          null,
          1,
          null,
          1,
          61,
          26,
          null,
          35,
          32,
          31,
          31,
          null,
          null,
          null,
          null,
          null
        ]
      },
      "/home/james/workspace/shipping-management/app/models/application_record.rb": {
        "lines": [
          null,
          null,
          1,
          1,
          null,
          1,
          41,
          null,
          null,
          null,
          1,
          9,
          null,
          null,
          1,
          8,
          null,
          null
        ]
      },
      "/home/james/workspace/shipping-management/app/helpers/application_helper.rb": {
        "lines": [
          1,
          null
        ]
      },
      "/home/james/workspace/shipping-management/app/models/budget.rb": {
        "lines": [
          null,
          null,
          1,
          1,
          null,
          1,
          null,
          null
        ]
      },
      "/home/james/workspace/shipping-management/app/models/client.rb": {
        "lines": [
          null,
          null,
          1,
          1,
          null
        ]
      },
      "/home/james/workspace/shipping-management/app/models/company.rb": {
        "lines": [
          null,
          null,
          1,
          1,
          null,
          null,
          null,
          1,
          null,
          1,
          1,
          null,
          1,
          null,
          1,
          1,
          1,
          1,
          1,
          1,
          null
        ]
      },
      "/home/james/workspace/shipping-management/app/models/deadline.rb": {
        "lines": [
          null,
          null,
          1,
          1,
          null,
          1,
          null
        ]
      },
      "/home/james/workspace/shipping-management/app/models/order.rb": {
        "lines": [
          null,
          null,
          1,
          1,
          1,
          1,
          1,
          null,
          1,
          null,
          null,
          1,
          null,
          1,
          null,
          1,
          14,
          null,
          null
        ]
      },
      "/home/james/workspace/shipping-management/app/models/pickup_location.rb": {
        "lines": [
          null,
          null,
          1,
          1,
          null
        ]
      },
      "/home/james/workspace/shipping-management/app/models/shipping_cust.rb": {
        "lines": [
          null,
          null,
          1,
          1,
          null,
          1,
          null
        ]
      },
      "/home/james/workspace/shipping-management/app/models/vehicle.rb": {
        "lines": [
          null,
          null,
          1,
          1,
          1,
          null,
          1,
          null,
          null,
          1,
          null
        ]
      },
      "/home/james/workspace/shipping-management/app/controllers/users_controller.rb": {
        "lines": [
          null,
          null,
          1,
          1,
          null
        ]
      },
      "/home/james/workspace/shipping-management/app/controllers/application_controller.rb": {
        "lines": [
          null,
          null,
          1,
          1,
          null,
          1,
          null,
          1,
          16,
          null,
          null
        ]
      },
      "/home/james/workspace/shipping-management/app/controllers/quotes_controller.rb": {
        "lines": [
          null,
          null,
          1,
          1,
          null,
          1,
          20,
          20,
          20,
          null,
          null
        ]
      },
      "/home/james/workspace/shipping-management/app/controllers/budgets_controller.rb": {
        "lines": [
          null,
          null,
          1,
          1,
          null,
          1,
          4,
          null,
          null,
          1,
          2,
          2,
          null,
          2,
          1,
          null,
          1,
          1,
          null,
          null,
          null,
          1,
          null,
          1,
          2,
          null,
          null,
          null
        ]
      },
      "/home/james/workspace/shipping-management/app/controllers/clients_controller.rb": {
        "lines": [
          null,
          null,
          1,
          1,
          3,
          3,
          null,
          null,
          1,
          1,
          null,
          1,
          1,
          1,
          null,
          0,
          0,
          null,
          null,
          null,
          1,
          null,
          1,
          1,
          null,
          null,
          null
        ]
      },
      "/home/james/workspace/shipping-management/app/controllers/pickup_locations_controller.rb": {
        "lines": [
          null,
          null,
          1,
          1,
          4,
          4,
          null,
          null,
          1,
          2,
          null,
          2,
          2,
          null,
          0,
          0,
          null,
          null,
          null,
          1,
          null,
          1,
          2,
          null,
          null,
          null
        ]
      },
      "/home/james/workspace/shipping-management/app/controllers/orders_controller.rb": {
        "lines": [
          null,
          null,
          1,
          1,
          1,
          null,
          1,
          null,
          1,
          6,
          6,
          6,
          null,
          6,
          6,
          6,
          6,
          6,
          5,
          null,
          null,
          null,
          6,
          null,
          null,
          1,
          2,
          null,
          2,
          2,
          null,
          0,
          0,
          null,
          null,
          null,
          1,
          6,
          3,
          null,
          3,
          3,
          null,
          null,
          null,
          1,
          2,
          null,
          null,
          1,
          3,
          null,
          3,
          null,
          3,
          3,
          null,
          null,
          null,
          3,
          3,
          null,
          null,
          null,
          null,
          1,
          3,
          null,
          null,
          1,
          1,
          1,
          null,
          0,
          0,
          null,
          null,
          null,
          1,
          null,
          1,
          7,
          null,
          null,
          1,
          3,
          null,
          null,
          null,
          null
        ]
      },
      "/home/james/workspace/shipping-management/app/controllers/companies_controller.rb": {
        "lines": [
          null,
          null,
          1,
          1,
          1,
          null,
          1,
          8,
          null,
          null,
          1,
          null,
          1,
          4,
          null,
          null,
          1,
          2,
          null,
          2,
          1,
          null,
          1,
          null,
          1,
          null,
          null,
          null,
          1,
          null,
          1,
          3,
          2,
          null,
          1,
          1,
          null,
          null,
          null,
          1,
          null,
          1,
          5,
          null,
          null,
          null,
          1,
          14,
          null,
          null
        ]
      },
      "/home/james/workspace/shipping-management/app/controllers/deadlines_controller.rb": {
        "lines": [
          null,
          null,
          1,
          1,
          null,
          1,
          4,
          null,
          null,
          1,
          2,
          2,
          null,
          2,
          1,
          null,
          1,
          1,
          null,
          null,
          null,
          1,
          null,
          1,
          2,
          null,
          null
        ]
      },
      "/home/james/workspace/shipping-management/app/controllers/vehicles_controller.rb": {
        "lines": [
          null,
          null,
          1,
          1,
          null,
          1,
          9,
          null,
          null,
          1,
          5,
          null,
          null,
          1,
          3,
          null,
          null,
          1,
          2,
          2,
          2,
          1,
          null,
          1,
          1,
          null,
          null,
          null,
          1,
          null,
          1,
          2,
          null,
          null,
          null
        ]
      },
      "/home/james/workspace/shipping-management/app/services/querie_prices_service.rb": {
        "lines": [
          null,
          null,
          1,
          1,
          null,
          1,
          6,
          6,
          6,
          6,
          6,
          6,
          6,
          6,
          6,
          6,
          null,
          null,
          1,
          6,
          null,
          6,
          6,
          6,
          null,
          null,
          1,
          null,
          1,
          6,
          null,
          null,
          1,
          6,
          null,
          13,
          6,
          null,
          6,
          7,
          null,
          null,
          6,
          7,
          null,
          5,
          5,
          5,
          5,
          5,
          5,
          null,
          0,
          null,
          null,
          null,
          null,
          1,
          6,
          null,
          6,
          6,
          7,
          null,
          null,
          6,
          7,
          null,
          5,
          null,
          null,
          null
        ]
      },
      "/home/james/workspace/shipping-management/app/controllers/shipping_custs_controller.rb": {
        "lines": [
          null,
          null,
          1,
          1,
          1,
          null,
          1,
          4,
          4,
          null,
          null,
          1,
          2,
          2,
          null,
          2,
          1,
          null,
          1,
          1,
          null,
          null,
          null,
          1,
          null,
          1,
          2,
          1,
          null,
          1,
          1,
          null,
          null,
          null,
          1,
          null,
          1,
          4,
          null,
          null,
          1,
          4,
          null,
          null
        ]
      },
      "/home/james/workspace/shipping-management/app/controllers/home_controller.rb": {
        "lines": [
          null,
          null,
          1,
          1,
          null
        ]
      }
    },
    "timestamp": 1654006710
  }
}
